\BOOKMARK [0][-]{chapter.1}{Introduction}{}% 1
\BOOKMARK [1][-]{section.1.1}{Overview}{chapter.1}% 2
\BOOKMARK [1][-]{section.1.2}{Definitions and basic results}{chapter.1}% 3
\BOOKMARK [2][-]{subsection.1.2.1}{Magmas}{section.1.2}% 4
\BOOKMARK [2][-]{subsection.1.2.2}{Quasigroups}{section.1.2}% 5
\BOOKMARK [2][-]{subsection.1.2.3}{Loops}{section.1.2}% 6
\BOOKMARK [2][-]{subsection.1.2.4}{Multiplication groups}{section.1.2}% 7
\BOOKMARK [2][-]{subsection.1.2.5}{Quotient loops}{section.1.2}% 8
\BOOKMARK [2][-]{subsection.1.2.6}{Homotopy and isotopy}{section.1.2}% 9
\BOOKMARK [2][-]{subsection.1.2.7}{Linearity}{section.1.2}% 10
\BOOKMARK [2][-]{subsection.1.2.8}{Inverse properties}{section.1.2}% 11
\BOOKMARK [2][-]{subsection.1.2.9}{Automorphic loops}{section.1.2}% 12
\BOOKMARK [2][-]{subsection.1.2.10}{Conjugacy closed loops}{section.1.2}% 13
\BOOKMARK [2][-]{subsection.1.2.11}{Bol loops}{section.1.2}% 14
\BOOKMARK [2][-]{subsection.1.2.12}{Generalizations of associativity}{section.1.2}% 15
\BOOKMARK [2][-]{subsection.1.2.13}{Moufang loops}{section.1.2}% 16
\BOOKMARK [0][-]{chapter.2}{Power graphs of Moufang loops}{}% 17
\BOOKMARK [1][-]{section.2.1}{Introduction}{chapter.2}% 18
\BOOKMARK [1][-]{section.2.2}{Preliminaries}{chapter.2}% 19
\BOOKMARK [2][-]{subsection.2.2.1}{Generalized quaternion groups}{section.2.2}% 20
\BOOKMARK [2][-]{subsection.2.2.2}{Moufang loops}{section.2.2}% 21
\BOOKMARK [2][-]{subsection.2.2.3}{Power graphs}{section.2.2}% 22
\BOOKMARK [2][-]{subsection.2.2.4}{Chein's construction}{section.2.2}% 23
\BOOKMARK [1][-]{section.2.3}{Moufang p-loops with a unique subloop of order p}{chapter.2}% 24
\BOOKMARK [1][-]{section.2.4}{Generalized octonion loops}{chapter.2}% 25
\BOOKMARK [1][-]{section.2.5}{Undirected power graphs determine directed}{chapter.2}% 26
\BOOKMARK [2][-]{subsection.2.5.1}{Non-identity vertex connected to all others}{section.2.5}% 27
\BOOKMARK [2][-]{subsection.2.5.2}{Only identity connected to all others}{section.2.5}% 28
\BOOKMARK [0][-]{chapter.3}{Para-F quasigroups}{}% 29
\BOOKMARK [1][-]{section.3.1}{Introduction}{chapter.3}% 30
\BOOKMARK [2][-]{subsection.3.1.1}{Medial and F-quasigroups}{section.3.1}% 31
\BOOKMARK [2][-]{subsection.3.1.2}{Candidates for para-F}{section.3.1}% 32
\BOOKMARK [2][-]{subsection.3.1.3}{Para-F quasigroups}{section.3.1}% 33
\BOOKMARK [1][-]{section.3.2}{Loop isotopes are Moufang}{chapter.3}% 34
\BOOKMARK [1][-]{section.3.3}{Para-F quasigroups are antilinear over Moufang loops}{chapter.3}% 35
\BOOKMARK [1][-]{section.3.4}{Para-FG quasigroups}{chapter.3}% 36
\BOOKMARK [0][-]{chapter.4}{Solvability for loops}{}% 37
\BOOKMARK [1][-]{section.4.1}{Introduction}{chapter.4}% 38
\BOOKMARK [1][-]{section.4.2}{Q/Nuc\(Q\) an abelian group}{chapter.4}% 39
\BOOKMARK [1][-]{section.4.3}{Q/Nuc\(Q\) a group}{chapter.4}% 40
\BOOKMARK [1][-]{section.4.4}{Further results}{chapter.4}% 41
\BOOKMARK [2][-]{subsection.4.4.1}{Inverses preserved by right inner mappings}{section.4.4}% 42
\BOOKMARK [2][-]{subsection.4.4.2}{Right automorphic}{section.4.4}% 43
\BOOKMARK [2][-]{subsection.4.4.3}{Left nucleus and commutant}{section.4.4}% 44
\BOOKMARK [1][-]{section.4.5}{Counterexamples}{chapter.4}% 45
\BOOKMARK [2][-]{subsection.4.5.1}{Inn\(Q\)}{section.4.5}% 46
\BOOKMARK [2][-]{subsection.4.5.2}{Left and middle nuclei}{section.4.5}% 47
\BOOKMARK [0][-]{chapter.5}{Cosets in Moufang loops}{}% 48
\BOOKMARK [1][-]{section.5.1}{Introduction}{chapter.5}% 49
\BOOKMARK [1][-]{section.5.2}{Coset intersections}{chapter.5}% 50
\BOOKMARK [2][-]{subsection.5.2.1}{A first Approach}{section.5.2}% 51
\BOOKMARK [2][-]{subsection.5.2.2}{An iterative approach}{section.5.2}% 52
\BOOKMARK [1][-]{section.5.3}{An Equivalence Relation}{chapter.5}% 53
\BOOKMARK [1][-]{section.5.4}{Orbits of MltL\(Q; S\)}{chapter.5}% 54
\BOOKMARK [0][-]{chapter.6}{Universally and semi-universally flexible loops}{}% 55
\BOOKMARK [1][-]{section.6.1}{Introduction}{chapter.6}% 56
\BOOKMARK [1][-]{section.6.2}{Basic examples}{chapter.6}% 57
\BOOKMARK [1][-]{section.6.3}{Central extensions of Moufang loops}{chapter.6}% 58
\BOOKMARK [1][-]{section.6.4}{An SUF loop which is not middle Bol}{chapter.6}% 59
\BOOKMARK [0][-]{chapter.7}{Future directions of research}{}% 60
\BOOKMARK [1][-]{section.7.1}{Power graphs}{chapter.7}% 61
\BOOKMARK [1][-]{section.7.2}{Para-F quasigroups}{chapter.7}% 62
\BOOKMARK [1][-]{section.7.3}{Solvability for loops}{chapter.7}% 63
\BOOKMARK [1][-]{section.7.4}{Cosets in Moufang loops}{chapter.7}% 64
\BOOKMARK [1][-]{section.7.5}{SUF loops}{chapter.7}% 65
\BOOKMARK [0][-]{appendix.A}{Automated proofs}{}% 66
\BOOKMARK [1][-]{section.A.1}{Notation}{appendix.A}% 67
\BOOKMARK [1][-]{section.A.2}{Para-F}{appendix.A}% 68
\BOOKMARK [2][-]{subsection.A.2.1}{Prover9 proof of Proposition 3.11}{section.A.2}% 69
\BOOKMARK [2][-]{subsection.A.2.2}{Prover9 proof of Proposition 3.12}{section.A.2}% 70
\BOOKMARK [1][-]{section.A.3}{Q/Nuc\(Q\)}{appendix.A}% 71
\BOOKMARK [2][-]{subsection.A.3.1}{Prover9 proof of Theorem 4.27}{section.A.3}% 72
